<?xml version="1.0" encoding="UTF-8"?>
<testng-results skipped="0" failed="0" ignored="0" total="1" passed="1">
  <reporter-output>
  </reporter-output>
  <suite name="Default suite" duration-ms="63019" started-at="2018-01-24T15:09:12Z" finished-at="2018-01-24T15:10:15Z">
    <groups>
    </groups>
    <test name="Default test" duration-ms="63019" started-at="2018-01-24T15:09:12Z" finished-at="2018-01-24T15:10:15Z">
      <class name="linkedin5.linkedin5">
        <test-method status="PASS" signature="login()[pri:0, instance:linkedin5.linkedin5@7a9273a8]" name="login" duration-ms="62915" started-at="2018-01-24T20:39:13Z" finished-at="2018-01-24T20:40:15Z">
          <reporter-output>
          </reporter-output>
        </test-method> <!-- login -->
      </class> <!-- linkedin5.linkedin5 -->
    </test> <!-- Default test -->
  </suite> <!-- Default suite -->
</testng-results>
